[INFO  - 2016-08-22T08:21:53.906Z] GhostDriver - Main - running on port 13636
[INFO  - 2016-08-22T08:21:54.483Z] Session [7c0bcd50-6841-11e6-b7da-71d62e1f55c8] - page.settings - {"XSSAuditingEnabled":false,"javascriptCanCloseWindows":true,"javascriptCanOpenWindows":true,"javascriptEnabled":true,"loadImages":true,"localToRemoteUrlAccessEnabled":false,"userAgent":"Mozilla/5.0 (Windows NT 6.2; WOW64) AppleWebKit/538.1 (KHTML, like Gecko) PhantomJS/2.1.1 Safari/538.1","webSecurityEnabled":true}
[INFO  - 2016-08-22T08:21:54.483Z] Session [7c0bcd50-6841-11e6-b7da-71d62e1f55c8] - page.customHeaders:  - {}
[INFO  - 2016-08-22T08:21:54.484Z] Session [7c0bcd50-6841-11e6-b7da-71d62e1f55c8] - Session.negotiatedCapabilities - {"browserName":"phantomjs","version":"2.1.1","driverName":"ghostdriver","driverVersion":"1.2.0","platform":"windows-10-32bit","javascriptEnabled":true,"takesScreenshot":true,"handlesAlerts":false,"databaseEnabled":false,"locationContextEnabled":false,"applicationCacheEnabled":false,"browserConnectionEnabled":false,"cssSelectorsEnabled":true,"webStorageEnabled":false,"rotatable":false,"acceptSslCerts":false,"nativeEvents":true,"proxy":{"proxyType":"direct"}}
[INFO  - 2016-08-22T08:21:54.484Z] SessionManagerReqHand - _postNewSessionCommand - New Session Created: 7c0bcd50-6841-11e6-b7da-71d62e1f55c8
[INFO  - 2016-08-22T08:22:11.520Z] ShutdownReqHand - _handle - About to shutdown
[INFO  - 2016-08-22T08:23:45.501Z] GhostDriver - Main - running on port 8729
[INFO  - 2016-08-22T08:23:45.969Z] Session [be7fac60-6841-11e6-aead-291442a1b6a8] - page.settings - {"XSSAuditingEnabled":false,"javascriptCanCloseWindows":true,"javascriptCanOpenWindows":true,"javascriptEnabled":true,"loadImages":true,"localToRemoteUrlAccessEnabled":false,"userAgent":"Mozilla/5.0 (Windows NT 6.2; WOW64) AppleWebKit/538.1 (KHTML, like Gecko) PhantomJS/2.1.1 Safari/538.1","webSecurityEnabled":true}
[INFO  - 2016-08-22T08:23:45.970Z] Session [be7fac60-6841-11e6-aead-291442a1b6a8] - page.customHeaders:  - {}
[INFO  - 2016-08-22T08:23:45.970Z] Session [be7fac60-6841-11e6-aead-291442a1b6a8] - Session.negotiatedCapabilities - {"browserName":"phantomjs","version":"2.1.1","driverName":"ghostdriver","driverVersion":"1.2.0","platform":"windows-10-32bit","javascriptEnabled":true,"takesScreenshot":true,"handlesAlerts":false,"databaseEnabled":false,"locationContextEnabled":false,"applicationCacheEnabled":false,"browserConnectionEnabled":false,"cssSelectorsEnabled":true,"webStorageEnabled":false,"rotatable":false,"acceptSslCerts":false,"nativeEvents":true,"proxy":{"proxyType":"direct"}}
[INFO  - 2016-08-22T08:23:45.970Z] SessionManagerReqHand - _postNewSessionCommand - New Session Created: be7fac60-6841-11e6-aead-291442a1b6a8
[INFO  - 2016-08-22T08:24:02.547Z] ShutdownReqHand - _handle - About to shutdown
[INFO  - 2016-08-22T19:08:10.938Z] GhostDriver - Main - running on port 31297
[INFO  - 2016-08-22T19:08:11.542Z] Session [c4f99790-689b-11e6-be67-716c02fa04c2] - page.settings - {"XSSAuditingEnabled":false,"javascriptCanCloseWindows":true,"javascriptCanOpenWindows":true,"javascriptEnabled":true,"loadImages":true,"localToRemoteUrlAccessEnabled":false,"userAgent":"Mozilla/5.0 (Windows NT 6.2; WOW64) AppleWebKit/538.1 (KHTML, like Gecko) PhantomJS/2.1.1 Safari/538.1","webSecurityEnabled":true}
[INFO  - 2016-08-22T19:08:11.542Z] Session [c4f99790-689b-11e6-be67-716c02fa04c2] - page.customHeaders:  - {}
[INFO  - 2016-08-22T19:08:11.543Z] Session [c4f99790-689b-11e6-be67-716c02fa04c2] - Session.negotiatedCapabilities - {"browserName":"phantomjs","version":"2.1.1","driverName":"ghostdriver","driverVersion":"1.2.0","platform":"windows-10-32bit","javascriptEnabled":true,"takesScreenshot":true,"handlesAlerts":false,"databaseEnabled":false,"locationContextEnabled":false,"applicationCacheEnabled":false,"browserConnectionEnabled":false,"cssSelectorsEnabled":true,"webStorageEnabled":false,"rotatable":false,"acceptSslCerts":false,"nativeEvents":true,"proxy":{"proxyType":"direct"}}
[INFO  - 2016-08-22T19:08:11.543Z] SessionManagerReqHand - _postNewSessionCommand - New Session Created: c4f99790-689b-11e6-be67-716c02fa04c2
[INFO  - 2016-08-22T19:08:30.158Z] ShutdownReqHand - _handle - About to shutdown
[INFO  - 2016-08-22T19:14:30.335Z] GhostDriver - Main - running on port 44908
[INFO  - 2016-08-22T19:14:30.834Z] Session [a70cf550-689c-11e6-b19f-3351217f0d7a] - page.settings - {"XSSAuditingEnabled":false,"javascriptCanCloseWindows":true,"javascriptCanOpenWindows":true,"javascriptEnabled":true,"loadImages":true,"localToRemoteUrlAccessEnabled":false,"userAgent":"Mozilla/5.0 (Windows NT 6.2; WOW64) AppleWebKit/538.1 (KHTML, like Gecko) PhantomJS/2.1.1 Safari/538.1","webSecurityEnabled":true}
[INFO  - 2016-08-22T19:14:30.834Z] Session [a70cf550-689c-11e6-b19f-3351217f0d7a] - page.customHeaders:  - {}
[INFO  - 2016-08-22T19:14:30.834Z] Session [a70cf550-689c-11e6-b19f-3351217f0d7a] - Session.negotiatedCapabilities - {"browserName":"phantomjs","version":"2.1.1","driverName":"ghostdriver","driverVersion":"1.2.0","platform":"windows-10-32bit","javascriptEnabled":true,"takesScreenshot":true,"handlesAlerts":false,"databaseEnabled":false,"locationContextEnabled":false,"applicationCacheEnabled":false,"browserConnectionEnabled":false,"cssSelectorsEnabled":true,"webStorageEnabled":false,"rotatable":false,"acceptSslCerts":false,"nativeEvents":true,"proxy":{"proxyType":"direct"}}
[INFO  - 2016-08-22T19:14:30.834Z] SessionManagerReqHand - _postNewSessionCommand - New Session Created: a70cf550-689c-11e6-b19f-3351217f0d7a
[INFO  - 2016-08-22T19:14:47.681Z] ShutdownReqHand - _handle - About to shutdown
[INFO  - 2016-08-22T19:27:42.657Z] GhostDriver - Main - running on port 44211
[INFO  - 2016-08-22T19:27:43.153Z] Session [7f4f8c60-689e-11e6-b684-a70471d4def0] - page.settings - {"XSSAuditingEnabled":false,"javascriptCanCloseWindows":true,"javascriptCanOpenWindows":true,"javascriptEnabled":true,"loadImages":true,"localToRemoteUrlAccessEnabled":false,"userAgent":"Mozilla/5.0 (Windows NT 6.2; WOW64) AppleWebKit/538.1 (KHTML, like Gecko) PhantomJS/2.1.1 Safari/538.1","webSecurityEnabled":true}
[INFO  - 2016-08-22T19:27:43.153Z] Session [7f4f8c60-689e-11e6-b684-a70471d4def0] - page.customHeaders:  - {}
[INFO  - 2016-08-22T19:27:43.153Z] Session [7f4f8c60-689e-11e6-b684-a70471d4def0] - Session.negotiatedCapabilities - {"browserName":"phantomjs","version":"2.1.1","driverName":"ghostdriver","driverVersion":"1.2.0","platform":"windows-10-32bit","javascriptEnabled":true,"takesScreenshot":true,"handlesAlerts":false,"databaseEnabled":false,"locationContextEnabled":false,"applicationCacheEnabled":false,"browserConnectionEnabled":false,"cssSelectorsEnabled":true,"webStorageEnabled":false,"rotatable":false,"acceptSslCerts":false,"nativeEvents":true,"proxy":{"proxyType":"direct"}}
[INFO  - 2016-08-22T19:27:43.154Z] SessionManagerReqHand - _postNewSessionCommand - New Session Created: 7f4f8c60-689e-11e6-b684-a70471d4def0
[INFO  - 2016-08-22T19:28:06.348Z] ShutdownReqHand - _handle - About to shutdown
[INFO  - 2016-08-23T03:22:32.514Z] GhostDriver - Main - running on port 17484
[INFO  - 2016-08-23T03:22:33.296Z] Session [d4c1ea20-68e0-11e6-b649-a14039b77d61] - page.settings - {"XSSAuditingEnabled":false,"javascriptCanCloseWindows":true,"javascriptCanOpenWindows":true,"javascriptEnabled":true,"loadImages":true,"localToRemoteUrlAccessEnabled":false,"userAgent":"Mozilla/5.0 (Windows NT 6.2; WOW64) AppleWebKit/538.1 (KHTML, like Gecko) PhantomJS/2.1.1 Safari/538.1","webSecurityEnabled":true}
[INFO  - 2016-08-23T03:22:33.297Z] Session [d4c1ea20-68e0-11e6-b649-a14039b77d61] - page.customHeaders:  - {}
[INFO  - 2016-08-23T03:22:33.297Z] Session [d4c1ea20-68e0-11e6-b649-a14039b77d61] - Session.negotiatedCapabilities - {"browserName":"phantomjs","version":"2.1.1","driverName":"ghostdriver","driverVersion":"1.2.0","platform":"windows-10-32bit","javascriptEnabled":true,"takesScreenshot":true,"handlesAlerts":false,"databaseEnabled":false,"locationContextEnabled":false,"applicationCacheEnabled":false,"browserConnectionEnabled":false,"cssSelectorsEnabled":true,"webStorageEnabled":false,"rotatable":false,"acceptSslCerts":false,"nativeEvents":true,"proxy":{"proxyType":"direct"}}
[INFO  - 2016-08-23T03:22:33.297Z] SessionManagerReqHand - _postNewSessionCommand - New Session Created: d4c1ea20-68e0-11e6-b649-a14039b77d61
[INFO  - 2016-08-23T03:22:41.692Z] ShutdownReqHand - _handle - About to shutdown
[INFO  - 2016-08-23T03:28:58.987Z] GhostDriver - Main - running on port 38081
[INFO  - 2016-08-23T03:28:59.533Z] Session [baf92800-68e1-11e6-81e8-a12a98f6042a] - page.settings - {"XSSAuditingEnabled":false,"javascriptCanCloseWindows":true,"javascriptCanOpenWindows":true,"javascriptEnabled":true,"loadImages":true,"localToRemoteUrlAccessEnabled":false,"userAgent":"Mozilla/5.0 (Windows NT 6.2; WOW64) AppleWebKit/538.1 (KHTML, like Gecko) PhantomJS/2.1.1 Safari/538.1","webSecurityEnabled":true}
[INFO  - 2016-08-23T03:28:59.534Z] Session [baf92800-68e1-11e6-81e8-a12a98f6042a] - page.customHeaders:  - {}
[INFO  - 2016-08-23T03:28:59.534Z] Session [baf92800-68e1-11e6-81e8-a12a98f6042a] - Session.negotiatedCapabilities - {"browserName":"phantomjs","version":"2.1.1","driverName":"ghostdriver","driverVersion":"1.2.0","platform":"windows-10-32bit","javascriptEnabled":true,"takesScreenshot":true,"handlesAlerts":false,"databaseEnabled":false,"locationContextEnabled":false,"applicationCacheEnabled":false,"browserConnectionEnabled":false,"cssSelectorsEnabled":true,"webStorageEnabled":false,"rotatable":false,"acceptSslCerts":false,"nativeEvents":true,"proxy":{"proxyType":"direct"}}
[INFO  - 2016-08-23T03:28:59.534Z] SessionManagerReqHand - _postNewSessionCommand - New Session Created: baf92800-68e1-11e6-81e8-a12a98f6042a
[INFO  - 2016-08-23T03:29:25.236Z] ShutdownReqHand - _handle - About to shutdown
[INFO  - 2016-08-23T03:35:39.532Z] GhostDriver - Main - running on port 13181
[INFO  - 2016-08-23T03:35:40.085Z] Session [a9b88a80-68e2-11e6-abfa-451fbf8f89ee] - page.settings - {"XSSAuditingEnabled":false,"javascriptCanCloseWindows":true,"javascriptCanOpenWindows":true,"javascriptEnabled":true,"loadImages":true,"localToRemoteUrlAccessEnabled":false,"userAgent":"Mozilla/5.0 (Windows NT 6.2; WOW64) AppleWebKit/538.1 (KHTML, like Gecko) PhantomJS/2.1.1 Safari/538.1","webSecurityEnabled":true}
[INFO  - 2016-08-23T03:35:40.085Z] Session [a9b88a80-68e2-11e6-abfa-451fbf8f89ee] - page.customHeaders:  - {}
[INFO  - 2016-08-23T03:35:40.086Z] Session [a9b88a80-68e2-11e6-abfa-451fbf8f89ee] - Session.negotiatedCapabilities - {"browserName":"phantomjs","version":"2.1.1","driverName":"ghostdriver","driverVersion":"1.2.0","platform":"windows-10-32bit","javascriptEnabled":true,"takesScreenshot":true,"handlesAlerts":false,"databaseEnabled":false,"locationContextEnabled":false,"applicationCacheEnabled":false,"browserConnectionEnabled":false,"cssSelectorsEnabled":true,"webStorageEnabled":false,"rotatable":false,"acceptSslCerts":false,"nativeEvents":true,"proxy":{"proxyType":"direct"}}
[INFO  - 2016-08-23T03:35:40.086Z] SessionManagerReqHand - _postNewSessionCommand - New Session Created: a9b88a80-68e2-11e6-abfa-451fbf8f89ee
[INFO  - 2016-08-23T03:35:58.182Z] ShutdownReqHand - _handle - About to shutdown
[INFO  - 2016-08-23T03:40:20.225Z] GhostDriver - Main - running on port 1208
[INFO  - 2016-08-23T03:40:20.689Z] Session [50f8b400-68e3-11e6-b798-ffc6509f84d9] - page.settings - {"XSSAuditingEnabled":false,"javascriptCanCloseWindows":true,"javascriptCanOpenWindows":true,"javascriptEnabled":true,"loadImages":true,"localToRemoteUrlAccessEnabled":false,"userAgent":"Mozilla/5.0 (Windows NT 6.2; WOW64) AppleWebKit/538.1 (KHTML, like Gecko) PhantomJS/2.1.1 Safari/538.1","webSecurityEnabled":true}
[INFO  - 2016-08-23T03:40:20.689Z] Session [50f8b400-68e3-11e6-b798-ffc6509f84d9] - page.customHeaders:  - {}
[INFO  - 2016-08-23T03:40:20.689Z] Session [50f8b400-68e3-11e6-b798-ffc6509f84d9] - Session.negotiatedCapabilities - {"browserName":"phantomjs","version":"2.1.1","driverName":"ghostdriver","driverVersion":"1.2.0","platform":"windows-10-32bit","javascriptEnabled":true,"takesScreenshot":true,"handlesAlerts":false,"databaseEnabled":false,"locationContextEnabled":false,"applicationCacheEnabled":false,"browserConnectionEnabled":false,"cssSelectorsEnabled":true,"webStorageEnabled":false,"rotatable":false,"acceptSslCerts":false,"nativeEvents":true,"proxy":{"proxyType":"direct"}}
[INFO  - 2016-08-23T03:40:20.690Z] SessionManagerReqHand - _postNewSessionCommand - New Session Created: 50f8b400-68e3-11e6-b798-ffc6509f84d9
[INFO  - 2016-08-23T03:40:38.199Z] ShutdownReqHand - _handle - About to shutdown
[INFO  - 2016-08-23T03:43:22.126Z] GhostDriver - Main - running on port 26879
[INFO  - 2016-08-23T03:43:22.582Z] Session [bd6422a0-68e3-11e6-bc07-ad94f1e2d8af] - page.settings - {"XSSAuditingEnabled":false,"javascriptCanCloseWindows":true,"javascriptCanOpenWindows":true,"javascriptEnabled":true,"loadImages":true,"localToRemoteUrlAccessEnabled":false,"userAgent":"Mozilla/5.0 (Windows NT 6.2; WOW64) AppleWebKit/538.1 (KHTML, like Gecko) PhantomJS/2.1.1 Safari/538.1","webSecurityEnabled":true}
[INFO  - 2016-08-23T03:43:22.582Z] Session [bd6422a0-68e3-11e6-bc07-ad94f1e2d8af] - page.customHeaders:  - {}
[INFO  - 2016-08-23T03:43:22.582Z] Session [bd6422a0-68e3-11e6-bc07-ad94f1e2d8af] - Session.negotiatedCapabilities - {"browserName":"phantomjs","version":"2.1.1","driverName":"ghostdriver","driverVersion":"1.2.0","platform":"windows-10-32bit","javascriptEnabled":true,"takesScreenshot":true,"handlesAlerts":false,"databaseEnabled":false,"locationContextEnabled":false,"applicationCacheEnabled":false,"browserConnectionEnabled":false,"cssSelectorsEnabled":true,"webStorageEnabled":false,"rotatable":false,"acceptSslCerts":false,"nativeEvents":true,"proxy":{"proxyType":"direct"}}
[INFO  - 2016-08-23T03:43:22.582Z] SessionManagerReqHand - _postNewSessionCommand - New Session Created: bd6422a0-68e3-11e6-bc07-ad94f1e2d8af
[INFO  - 2016-08-23T03:43:42.951Z] ShutdownReqHand - _handle - About to shutdown
[INFO  - 2016-08-23T05:01:13.040Z] GhostDriver - Main - running on port 28556
[INFO  - 2016-08-23T05:01:13.477Z] Session [9d762690-68ee-11e6-b6cc-1df8ab00802d] - page.settings - {"XSSAuditingEnabled":false,"javascriptCanCloseWindows":true,"javascriptCanOpenWindows":true,"javascriptEnabled":true,"loadImages":true,"localToRemoteUrlAccessEnabled":false,"userAgent":"Mozilla/5.0 (Windows NT 6.2; WOW64) AppleWebKit/538.1 (KHTML, like Gecko) PhantomJS/2.1.1 Safari/538.1","webSecurityEnabled":true}
[INFO  - 2016-08-23T05:01:13.478Z] Session [9d762690-68ee-11e6-b6cc-1df8ab00802d] - page.customHeaders:  - {}
[INFO  - 2016-08-23T05:01:13.478Z] Session [9d762690-68ee-11e6-b6cc-1df8ab00802d] - Session.negotiatedCapabilities - {"browserName":"phantomjs","version":"2.1.1","driverName":"ghostdriver","driverVersion":"1.2.0","platform":"windows-10-32bit","javascriptEnabled":true,"takesScreenshot":true,"handlesAlerts":false,"databaseEnabled":false,"locationContextEnabled":false,"applicationCacheEnabled":false,"browserConnectionEnabled":false,"cssSelectorsEnabled":true,"webStorageEnabled":false,"rotatable":false,"acceptSslCerts":false,"nativeEvents":true,"proxy":{"proxyType":"direct"}}
[INFO  - 2016-08-23T05:01:13.478Z] SessionManagerReqHand - _postNewSessionCommand - New Session Created: 9d762690-68ee-11e6-b6cc-1df8ab00802d
[INFO  - 2016-08-23T05:01:31.523Z] ShutdownReqHand - _handle - About to shutdown
[INFO  - 2016-08-23T06:12:31.213Z] GhostDriver - Main - running on port 12680
[INFO  - 2016-08-23T06:13:52.108Z] GhostDriver - Main - running on port 3447
[INFO  - 2016-08-23T06:13:53.158Z] Session [c4074e10-68f8-11e6-bc24-0d9cbbab021e] - page.settings - {"XSSAuditingEnabled":false,"javascriptCanCloseWindows":true,"javascriptCanOpenWindows":true,"javascriptEnabled":true,"loadImages":true,"localToRemoteUrlAccessEnabled":false,"userAgent":"Mozilla/5.0 (Windows NT 6.2; WOW64) AppleWebKit/538.1 (KHTML, like Gecko) PhantomJS/2.1.1 Safari/538.1","webSecurityEnabled":true}
[INFO  - 2016-08-23T06:13:53.158Z] Session [c4074e10-68f8-11e6-bc24-0d9cbbab021e] - page.customHeaders:  - {}
[INFO  - 2016-08-23T06:13:53.159Z] Session [c4074e10-68f8-11e6-bc24-0d9cbbab021e] - Session.negotiatedCapabilities - {"browserName":"phantomjs","version":"2.1.1","driverName":"ghostdriver","driverVersion":"1.2.0","platform":"windows-10-32bit","javascriptEnabled":true,"takesScreenshot":true,"handlesAlerts":false,"databaseEnabled":false,"locationContextEnabled":false,"applicationCacheEnabled":false,"browserConnectionEnabled":false,"cssSelectorsEnabled":true,"webStorageEnabled":false,"rotatable":false,"acceptSslCerts":false,"nativeEvents":true,"proxy":{"proxyType":"direct"}}
[INFO  - 2016-08-23T06:13:53.160Z] SessionManagerReqHand - _postNewSessionCommand - New Session Created: c4074e10-68f8-11e6-bc24-0d9cbbab021e
[INFO  - 2016-08-23T06:14:18.182Z] ShutdownReqHand - _handle - About to shutdown
[INFO  - 2016-08-23T06:22:52.326Z] GhostDriver - Main - running on port 14450
[INFO  - 2016-08-23T06:22:53.482Z] Session [0616f7a0-68fa-11e6-8559-13c56f6dfa08] - page.settings - {"XSSAuditingEnabled":false,"javascriptCanCloseWindows":true,"javascriptCanOpenWindows":true,"javascriptEnabled":true,"loadImages":true,"localToRemoteUrlAccessEnabled":false,"userAgent":"Mozilla/5.0 (Windows NT 6.2; WOW64) AppleWebKit/538.1 (KHTML, like Gecko) PhantomJS/2.1.1 Safari/538.1","webSecurityEnabled":true}
[INFO  - 2016-08-23T06:22:53.482Z] Session [0616f7a0-68fa-11e6-8559-13c56f6dfa08] - page.customHeaders:  - {}
[INFO  - 2016-08-23T06:22:53.483Z] Session [0616f7a0-68fa-11e6-8559-13c56f6dfa08] - Session.negotiatedCapabilities - {"browserName":"phantomjs","version":"2.1.1","driverName":"ghostdriver","driverVersion":"1.2.0","platform":"windows-10-32bit","javascriptEnabled":true,"takesScreenshot":true,"handlesAlerts":false,"databaseEnabled":false,"locationContextEnabled":false,"applicationCacheEnabled":false,"browserConnectionEnabled":false,"cssSelectorsEnabled":true,"webStorageEnabled":false,"rotatable":false,"acceptSslCerts":false,"nativeEvents":true,"proxy":{"proxyType":"direct"}}
[INFO  - 2016-08-23T06:22:53.483Z] SessionManagerReqHand - _postNewSessionCommand - New Session Created: 0616f7a0-68fa-11e6-8559-13c56f6dfa08
[INFO  - 2016-08-23T06:23:32.454Z] ShutdownReqHand - _handle - About to shutdown
[INFO  - 2016-08-23T06:27:06.583Z] GhostDriver - Main - running on port 25388
[INFO  - 2016-08-23T06:27:07.557Z] Session [9d87bc50-68fa-11e6-9871-110e025ac3fe] - page.settings - {"XSSAuditingEnabled":false,"javascriptCanCloseWindows":true,"javascriptCanOpenWindows":true,"javascriptEnabled":true,"loadImages":true,"localToRemoteUrlAccessEnabled":false,"userAgent":"Mozilla/5.0 (Windows NT 6.2; WOW64) AppleWebKit/538.1 (KHTML, like Gecko) PhantomJS/2.1.1 Safari/538.1","webSecurityEnabled":true}
[INFO  - 2016-08-23T06:27:07.557Z] Session [9d87bc50-68fa-11e6-9871-110e025ac3fe] - page.customHeaders:  - {}
[INFO  - 2016-08-23T06:27:07.558Z] Session [9d87bc50-68fa-11e6-9871-110e025ac3fe] - Session.negotiatedCapabilities - {"browserName":"phantomjs","version":"2.1.1","driverName":"ghostdriver","driverVersion":"1.2.0","platform":"windows-10-32bit","javascriptEnabled":true,"takesScreenshot":true,"handlesAlerts":false,"databaseEnabled":false,"locationContextEnabled":false,"applicationCacheEnabled":false,"browserConnectionEnabled":false,"cssSelectorsEnabled":true,"webStorageEnabled":false,"rotatable":false,"acceptSslCerts":false,"nativeEvents":true,"proxy":{"proxyType":"direct"}}
[INFO  - 2016-08-23T06:27:07.558Z] SessionManagerReqHand - _postNewSessionCommand - New Session Created: 9d87bc50-68fa-11e6-9871-110e025ac3fe
[INFO  - 2016-08-23T06:27:44.937Z] ShutdownReqHand - _handle - About to shutdown
[INFO  - 2016-08-23T06:33:04.840Z] GhostDriver - Main - running on port 6261
[INFO  - 2016-08-23T06:33:05.268Z] Session [72beb680-68fb-11e6-8a82-ad90ce06b0f5] - page.settings - {"XSSAuditingEnabled":false,"javascriptCanCloseWindows":true,"javascriptCanOpenWindows":true,"javascriptEnabled":true,"loadImages":true,"localToRemoteUrlAccessEnabled":false,"userAgent":"Mozilla/5.0 (Windows NT 6.2; WOW64) AppleWebKit/538.1 (KHTML, like Gecko) PhantomJS/2.1.1 Safari/538.1","webSecurityEnabled":true}
[INFO  - 2016-08-23T06:33:05.268Z] Session [72beb680-68fb-11e6-8a82-ad90ce06b0f5] - page.customHeaders:  - {}
[INFO  - 2016-08-23T06:33:05.269Z] Session [72beb680-68fb-11e6-8a82-ad90ce06b0f5] - Session.negotiatedCapabilities - {"browserName":"phantomjs","version":"2.1.1","driverName":"ghostdriver","driverVersion":"1.2.0","platform":"windows-10-32bit","javascriptEnabled":true,"takesScreenshot":true,"handlesAlerts":false,"databaseEnabled":false,"locationContextEnabled":false,"applicationCacheEnabled":false,"browserConnectionEnabled":false,"cssSelectorsEnabled":true,"webStorageEnabled":false,"rotatable":false,"acceptSslCerts":false,"nativeEvents":true,"proxy":{"proxyType":"direct"}}
[INFO  - 2016-08-23T06:33:05.269Z] SessionManagerReqHand - _postNewSessionCommand - New Session Created: 72beb680-68fb-11e6-8a82-ad90ce06b0f5
[INFO  - 2016-08-23T06:33:35.386Z] ShutdownReqHand - _handle - About to shutdown
